<?xml version="1.0" encoding="UTF-8"?>
<testng-results ignored="0" total="1" passed="1" failed="0" skipped="0">
  <reporter-output>
  </reporter-output>
  <suite started-at="2022-02-16T12:25:13 GMT" name="Default suite" finished-at="2022-02-16T12:25:22 GMT" duration-ms="9008">
    <groups>
    </groups>
    <test started-at="2022-02-16T12:25:13 GMT" name="Default test" finished-at="2022-02-16T12:25:22 GMT" duration-ms="9008">
      <class name="login">
        <test-method is-config="true" signature="setUp()[pri:0, instance:login@4944252c]" started-at="2022-02-16T12:25:13 GMT" name="setUp" finished-at="2022-02-16T12:25:13 GMT" duration-ms="5" status="PASS">
          <reporter-output>
          </reporter-output>
        </test-method> <!-- setUp -->
        <test-method signature="login()[pri:0, instance:login@4944252c]" started-at="2022-02-16T12:25:13 GMT" name="login" finished-at="2022-02-16T12:25:22 GMT" duration-ms="8941" status="PASS">
          <reporter-output>
          </reporter-output>
        </test-method> <!-- login -->
        <test-method is-config="true" signature="tearDown()[pri:0, instance:login@4944252c]" started-at="2022-02-16T12:25:22 GMT" name="tearDown" finished-at="2022-02-16T12:25:22 GMT" duration-ms="1" status="PASS">
          <reporter-output>
          </reporter-output>
        </test-method> <!-- tearDown -->
      </class> <!-- login -->
    </test> <!-- Default test -->
  </suite> <!-- Default suite -->
</testng-results>
